<?xml version="1.0" encoding="UTF-8"?>
<testng-results ignored="6" total="11" passed="5" failed="0" skipped="0">
  <reporter-output>
  </reporter-output>
  <suite started-at="2021-09-23T18:14:38 IST" name="Suite" finished-at="2021-09-23T18:16:46 IST" duration-ms="128054">
    <groups>
      <group name="RegressionSuite">
        <method signature="CreateOrganisationWithCopyBillingAddress_Test.createOrganisation_TC_02_Test()[pri:0, instance:com.crm.Vtiger.CreateOrganisation.CreateOrganisationWithCopyBillingAddress_Test@4d154ccd]" name="createOrganisation_TC_02_Test" class="com.crm.Vtiger.CreateOrganisation.CreateOrganisationWithCopyBillingAddress_Test"/>
        <method signature="CreateOrganisationWithCopyShippingAddress_Test.CreateOrganisationTC_01_Test()[pri:0, instance:com.crm.Vtiger.CreateOrganisation.CreateOrganisationWithCopyShippingAddress_Test@41a0aa7d]" name="CreateOrganisationTC_01_Test" class="com.crm.Vtiger.CreateOrganisation.CreateOrganisationWithCopyShippingAddress_Test"/>
        <method signature="CreateOrganisationWithoutShippingAddress_Test.CreateOrganisationTC_04_Test()[pri:0, instance:com.crm.Vtiger.CreateOrganisation.CreateOrganisationWithoutShippingAddress_Test@e350b40]" name="CreateOrganisationTC_04_Test" class="com.crm.Vtiger.CreateOrganisation.CreateOrganisationWithoutShippingAddress_Test"/>
      </group> <!-- RegressionSuite -->
      <group name="SmokeSuite">
        <method signature="CreateOrganisationWithBillingAddress_Test.createOrganisation_TC_05_Test()[pri:0, instance:com.crm.Vtiger.CreateOrganisation.CreateOrganisationWithBillingAddress_Test@248e319b]" name="createOrganisation_TC_05_Test" class="com.crm.Vtiger.CreateOrganisation.CreateOrganisationWithBillingAddress_Test"/>
        <method signature="CreateOrganisationWithShippingAddress_Test.CreateOrganisationTC_03_Test()[pri:0, instance:com.crm.Vtiger.CreateOrganisation.CreateOrganisationWithShippingAddress_Test@5d0bf09b]" name="CreateOrganisationTC_03_Test" class="com.crm.Vtiger.CreateOrganisation.CreateOrganisationWithShippingAddress_Test"/>
      </group> <!-- SmokeSuite -->
    </groups>
    <test started-at="2021-09-23T18:14:38 IST" name="Test2" finished-at="2021-09-23T18:16:24 IST" duration-ms="106685">
      <class name="com.crm.Vtiger.CreateOrganisation.CreateOrganisationWithBillingAddress_Test">
        <test-method is-config="true" signature="connectDB()[pri:0, instance:com.crm.Vtiger.CreateOrganisation.CreateOrganisationWithBillingAddress_Test@248e319b]" started-at="2021-09-23T18:14:38 IST" name="connectDB" finished-at="2021-09-23T18:14:38 IST" duration-ms="13" status="PASS">
          <reporter-output>
          </reporter-output>
        </test-method> <!-- connectDB -->
        <test-method is-config="true" signature="LaunchBrowser()[pri:0, instance:com.crm.Vtiger.CreateOrganisation.CreateOrganisationWithBillingAddress_Test@248e319b]" started-at="2021-09-23T18:14:38 IST" name="LaunchBrowser" finished-at="2021-09-23T18:14:49 IST" duration-ms="10748" status="PASS">
          <reporter-output>
          </reporter-output>
        </test-method> <!-- LaunchBrowser -->
        <test-method is-config="true" signature="Loginapp()[pri:0, instance:com.crm.Vtiger.CreateOrganisation.CreateOrganisationWithBillingAddress_Test@248e319b]" started-at="2021-09-23T18:14:49 IST" name="Loginapp" finished-at="2021-09-23T18:15:00 IST" duration-ms="11011" status="PASS">
          <reporter-output>
          </reporter-output>
        </test-method> <!-- Loginapp -->
        <test-method signature="createOrganisation_TC_05_Test()[pri:0, instance:com.crm.Vtiger.CreateOrganisation.CreateOrganisationWithBillingAddress_Test@248e319b]" started-at="2021-09-23T18:15:00 IST" name="createOrganisation_TC_05_Test" finished-at="2021-09-23T18:15:34 IST" duration-ms="34513" status="PASS">
          <reporter-output>
          </reporter-output>
        </test-method> <!-- createOrganisation_TC_05_Test -->
        <test-method is-config="true" signature="LogoutApp()[pri:0, instance:com.crm.Vtiger.CreateOrganisation.CreateOrganisationWithBillingAddress_Test@248e319b]" started-at="2021-09-23T18:15:34 IST" name="LogoutApp" finished-at="2021-09-23T18:15:37 IST" duration-ms="2346" status="PASS">
          <reporter-output>
          </reporter-output>
        </test-method> <!-- LogoutApp -->
        <test-method is-config="true" signature="closeBrowser()[pri:0, instance:com.crm.Vtiger.CreateOrganisation.CreateOrganisationWithBillingAddress_Test@248e319b]" started-at="2021-09-23T18:15:37 IST" name="closeBrowser" finished-at="2021-09-23T18:15:37 IST" duration-ms="352" status="PASS">
          <reporter-output>
          </reporter-output>
        </test-method> <!-- closeBrowser -->
        <test-method is-config="true" signature="closeDatabase()[pri:0, instance:com.crm.Vtiger.CreateOrganisation.CreateOrganisationWithBillingAddress_Test@248e319b]" started-at="2021-09-23T18:16:46 IST" name="closeDatabase" finished-at="2021-09-23T18:16:46 IST" duration-ms="1" status="PASS">
          <reporter-output>
          </reporter-output>
        </test-method> <!-- closeDatabase -->
      </class> <!-- com.crm.Vtiger.CreateOrganisation.CreateOrganisationWithBillingAddress_Test -->
      <class name="com.crm.Vtiger.CreateOrganisation.CreateOrganisationWithShippingAddress_Test">
        <test-method is-config="true" signature="LaunchBrowser()[pri:0, instance:com.crm.Vtiger.CreateOrganisation.CreateOrganisationWithShippingAddress_Test@5d0bf09b]" started-at="2021-09-23T18:15:37 IST" name="LaunchBrowser" finished-at="2021-09-23T18:15:42 IST" duration-ms="4561" status="PASS">
          <reporter-output>
          </reporter-output>
        </test-method> <!-- LaunchBrowser -->
        <test-method is-config="true" signature="Loginapp()[pri:0, instance:com.crm.Vtiger.CreateOrganisation.CreateOrganisationWithShippingAddress_Test@5d0bf09b]" started-at="2021-09-23T18:15:42 IST" name="Loginapp" finished-at="2021-09-23T18:15:52 IST" duration-ms="9905" status="PASS">
          <reporter-output>
          </reporter-output>
        </test-method> <!-- Loginapp -->
        <test-method signature="CreateOrganisationTC_03_Test()[pri:0, instance:com.crm.Vtiger.CreateOrganisation.CreateOrganisationWithShippingAddress_Test@5d0bf09b]" started-at="2021-09-23T18:15:52 IST" name="CreateOrganisationTC_03_Test" finished-at="2021-09-23T18:16:20 IST" duration-ms="28852" status="PASS">
          <reporter-output>
          </reporter-output>
        </test-method> <!-- CreateOrganisationTC_03_Test -->
        <test-method is-config="true" signature="LogoutApp()[pri:0, instance:com.crm.Vtiger.CreateOrganisation.CreateOrganisationWithShippingAddress_Test@5d0bf09b]" started-at="2021-09-23T18:16:20 IST" name="LogoutApp" finished-at="2021-09-23T18:16:24 IST" duration-ms="3201" status="PASS">
          <reporter-output>
          </reporter-output>
        </test-method> <!-- LogoutApp -->
        <test-method is-config="true" signature="closeBrowser()[pri:0, instance:com.crm.Vtiger.CreateOrganisation.CreateOrganisationWithShippingAddress_Test@5d0bf09b]" started-at="2021-09-23T18:16:24 IST" name="closeBrowser" finished-at="2021-09-23T18:16:24 IST" duration-ms="727" status="PASS">
          <reporter-output>
          </reporter-output>
        </test-method> <!-- closeBrowser -->
      </class> <!-- com.crm.Vtiger.CreateOrganisation.CreateOrganisationWithShippingAddress_Test -->
    </test> <!-- Test2 -->
    <test started-at="2021-09-23T18:14:38 IST" name="Test1" finished-at="2021-09-23T18:16:46 IST" duration-ms="128053">
      <class name="com.crm.Vtiger.CreateOrganisation.CreateOrganisationWithoutShippingAddress_Test">
        <test-method is-config="true" signature="LaunchBrowser()[pri:0, instance:com.crm.Vtiger.CreateOrganisation.CreateOrganisationWithoutShippingAddress_Test@e350b40]" started-at="2021-09-23T18:15:24 IST" name="LaunchBrowser" finished-at="2021-09-23T18:15:37 IST" duration-ms="12570" status="PASS">
          <reporter-output>
          </reporter-output>
        </test-method> <!-- LaunchBrowser -->
        <test-method is-config="true" signature="Loginapp()[pri:0, instance:com.crm.Vtiger.CreateOrganisation.CreateOrganisationWithoutShippingAddress_Test@e350b40]" started-at="2021-09-23T18:15:37 IST" name="Loginapp" finished-at="2021-09-23T18:15:44 IST" duration-ms="6919" status="PASS">
          <reporter-output>
          </reporter-output>
        </test-method> <!-- Loginapp -->
        <test-method signature="CreateOrganisationTC_04_Test()[pri:0, instance:com.crm.Vtiger.CreateOrganisation.CreateOrganisationWithoutShippingAddress_Test@e350b40]" started-at="2021-09-23T18:15:44 IST" name="CreateOrganisationTC_04_Test" finished-at="2021-09-23T18:16:16 IST" duration-ms="32683" status="PASS">
          <reporter-output>
          </reporter-output>
        </test-method> <!-- CreateOrganisationTC_04_Test -->
        <test-method is-config="true" signature="LogoutApp()[pri:0, instance:com.crm.Vtiger.CreateOrganisation.CreateOrganisationWithoutShippingAddress_Test@e350b40]" started-at="2021-09-23T18:16:16 IST" name="LogoutApp" finished-at="2021-09-23T18:16:19 IST" duration-ms="3007" status="PASS">
          <reporter-output>
          </reporter-output>
        </test-method> <!-- LogoutApp -->
        <test-method is-config="true" signature="closeBrowser()[pri:0, instance:com.crm.Vtiger.CreateOrganisation.CreateOrganisationWithoutShippingAddress_Test@e350b40]" started-at="2021-09-23T18:16:19 IST" name="closeBrowser" finished-at="2021-09-23T18:16:21 IST" duration-ms="1885" status="PASS">
          <reporter-output>
          </reporter-output>
        </test-method> <!-- closeBrowser -->
      </class> <!-- com.crm.Vtiger.CreateOrganisation.CreateOrganisationWithoutShippingAddress_Test -->
      <class name="com.crm.Vtiger.CreateOrganisation.CreateOrganisationWithCopyShippingAddress_Test">
        <test-method is-config="true" signature="LaunchBrowser()[pri:0, instance:com.crm.Vtiger.CreateOrganisation.CreateOrganisationWithCopyShippingAddress_Test@41a0aa7d]" started-at="2021-09-23T18:16:21 IST" name="LaunchBrowser" finished-at="2021-09-23T18:16:28 IST" duration-ms="6678" status="PASS">
          <reporter-output>
          </reporter-output>
        </test-method> <!-- LaunchBrowser -->
        <test-method is-config="true" signature="Loginapp()[pri:0, instance:com.crm.Vtiger.CreateOrganisation.CreateOrganisationWithCopyShippingAddress_Test@41a0aa7d]" started-at="2021-09-23T18:16:28 IST" name="Loginapp" finished-at="2021-09-23T18:16:32 IST" duration-ms="4658" status="PASS">
          <reporter-output>
          </reporter-output>
        </test-method> <!-- Loginapp -->
        <test-method signature="CreateOrganisationTC_01_Test()[pri:0, instance:com.crm.Vtiger.CreateOrganisation.CreateOrganisationWithCopyShippingAddress_Test@41a0aa7d]" started-at="2021-09-23T18:16:32 IST" name="CreateOrganisationTC_01_Test" finished-at="2021-09-23T18:16:43 IST" duration-ms="10946" status="PASS">
          <reporter-output>
          </reporter-output>
        </test-method> <!-- CreateOrganisationTC_01_Test -->
        <test-method is-config="true" signature="LogoutApp()[pri:0, instance:com.crm.Vtiger.CreateOrganisation.CreateOrganisationWithCopyShippingAddress_Test@41a0aa7d]" started-at="2021-09-23T18:16:43 IST" name="LogoutApp" finished-at="2021-09-23T18:16:45 IST" duration-ms="2070" status="PASS">
          <reporter-output>
          </reporter-output>
        </test-method> <!-- LogoutApp -->
        <test-method is-config="true" signature="closeBrowser()[pri:0, instance:com.crm.Vtiger.CreateOrganisation.CreateOrganisationWithCopyShippingAddress_Test@41a0aa7d]" started-at="2021-09-23T18:16:45 IST" name="closeBrowser" finished-at="2021-09-23T18:16:46 IST" duration-ms="268" status="PASS">
          <reporter-output>
          </reporter-output>
        </test-method> <!-- closeBrowser -->
      </class> <!-- com.crm.Vtiger.CreateOrganisation.CreateOrganisationWithCopyShippingAddress_Test -->
      <class name="com.crm.Vtiger.CreateOrganisation.CreateOrganisationWithCopyBillingAddress_Test">
        <test-method is-config="true" signature="LaunchBrowser()[pri:0, instance:com.crm.Vtiger.CreateOrganisation.CreateOrganisationWithCopyBillingAddress_Test@4d154ccd]" started-at="2021-09-23T18:14:38 IST" name="LaunchBrowser" finished-at="2021-09-23T18:14:48 IST" duration-ms="10181" status="PASS">
          <reporter-output>
          </reporter-output>
        </test-method> <!-- LaunchBrowser -->
        <test-method is-config="true" signature="Loginapp()[pri:0, instance:com.crm.Vtiger.CreateOrganisation.CreateOrganisationWithCopyBillingAddress_Test@4d154ccd]" started-at="2021-09-23T18:14:48 IST" name="Loginapp" finished-at="2021-09-23T18:14:54 IST" duration-ms="5834" status="PASS">
          <reporter-output>
          </reporter-output>
        </test-method> <!-- Loginapp -->
        <test-method signature="createOrganisation_TC_02_Test()[pri:0, instance:com.crm.Vtiger.CreateOrganisation.CreateOrganisationWithCopyBillingAddress_Test@4d154ccd]" started-at="2021-09-23T18:14:54 IST" name="createOrganisation_TC_02_Test" finished-at="2021-09-23T18:15:17 IST" duration-ms="23122" status="PASS">
          <reporter-output>
          </reporter-output>
        </test-method> <!-- createOrganisation_TC_02_Test -->
        <test-method is-config="true" signature="LogoutApp()[pri:0, instance:com.crm.Vtiger.CreateOrganisation.CreateOrganisationWithCopyBillingAddress_Test@4d154ccd]" started-at="2021-09-23T18:15:18 IST" name="LogoutApp" finished-at="2021-09-23T18:15:23 IST" duration-ms="5061" status="PASS">
          <reporter-output>
          </reporter-output>
        </test-method> <!-- LogoutApp -->
        <test-method is-config="true" signature="closeBrowser()[pri:0, instance:com.crm.Vtiger.CreateOrganisation.CreateOrganisationWithCopyBillingAddress_Test@4d154ccd]" started-at="2021-09-23T18:15:23 IST" name="closeBrowser" finished-at="2021-09-23T18:15:24 IST" duration-ms="1287" status="PASS">
          <reporter-output>
          </reporter-output>
        </test-method> <!-- closeBrowser -->
      </class> <!-- com.crm.Vtiger.CreateOrganisation.CreateOrganisationWithCopyBillingAddress_Test -->
    </test> <!-- Test1 -->
  </suite> <!-- Suite -->
</testng-results>
