<?xml version="1.0" encoding="UTF-8"?>
<!-- Generated by org.testng.reporters.JUnitXMLReporter -->
<testsuite ignored="10" hostname="DESKTOP-V2N0BED" failures="0" tests="3" name="Test" time="80.217" errors="0" timestamp="2021-09-23T18:13:38 IST">
  <testcase classname="com.crm.Vtiger.CreateOrganisation.CreateOrganisationWithCopyBillingAddress_Test" name="createOrganisation_TC_02_Test" time="11.843"/>
  <testcase classname="com.crm.Vtiger.CreateOrganisation.CreateOrganisationWithoutShippingAddress_Test" name="CreateOrganisationTC_04_Test" time="15.479"/>
  <testcase classname="com.crm.Vtiger.CreateOrganisation.CreateOrganisationWithCopyShippingAddress_Test" name="CreateOrganisationTC_01_Test" time="11.208"/>
  <testcase classname="com.crm.genericUtils.BaseClass" name="@BeforeSuite connectDB" time="0.0">
    <ignored/>
  </testcase> <!-- @BeforeSuite connectDB -->
  <testcase classname="com.crm.genericUtils.BaseClass" name="@BeforeSuite connectDB" time="0.0">
    <ignored/>
  </testcase> <!-- @BeforeSuite connectDB -->
  <testcase classname="com.crm.genericUtils.BaseClass" name="@BeforeSuite connectDB" time="0.0">
    <ignored/>
  </testcase> <!-- @BeforeSuite connectDB -->
  <testcase classname="com.crm.genericUtils.BaseClass" name="@BeforeSuite connectDB" time="0.0">
    <ignored/>
  </testcase> <!-- @BeforeSuite connectDB -->
  <testcase classname="com.crm.Vtiger.CreateOrganisation.CreateOrganisationWithBillingAddress_Test" name="createOrganisation_TC_05_Test" time="0.0">
    <ignored/>
  </testcase> <!-- createOrganisation_TC_05_Test -->
  <testcase classname="com.crm.Vtiger.CreateOrganisation.CreateOrganisationWithShippingAddress_Test" name="CreateOrganisationTC_03_Test" time="0.0">
    <ignored/>
  </testcase> <!-- CreateOrganisationTC_03_Test -->
  <testcase classname="com.crm.genericUtils.BaseClass" name="@AfterSuite closeDatabase" time="0.0">
    <ignored/>
  </testcase> <!-- @AfterSuite closeDatabase -->
  <testcase classname="com.crm.genericUtils.BaseClass" name="@AfterSuite closeDatabase" time="0.0">
    <ignored/>
  </testcase> <!-- @AfterSuite closeDatabase -->
  <testcase classname="com.crm.genericUtils.BaseClass" name="@AfterSuite closeDatabase" time="0.0">
    <ignored/>
  </testcase> <!-- @AfterSuite closeDatabase -->
  <testcase classname="com.crm.genericUtils.BaseClass" name="@AfterSuite closeDatabase" time="0.0">
    <ignored/>
  </testcase> <!-- @AfterSuite closeDatabase -->
</testsuite> <!-- Test -->
