<?xml version="1.0" encoding="UTF-8"?>
<!-- Generated by org.testng.reporters.JUnitXMLReporter -->
<testsuite ignored="4" hostname="DESKTOP-V2N0BED" failures="0" tests="3" name="Test1" time="128.053" errors="0" timestamp="2021-09-23T18:16:46 IST">
  <testcase classname="com.crm.Vtiger.CreateOrganisation.CreateOrganisationWithCopyBillingAddress_Test" name="createOrganisation_TC_02_Test" time="23.122"/>
  <testcase classname="com.crm.Vtiger.CreateOrganisation.CreateOrganisationWithoutShippingAddress_Test" name="CreateOrganisationTC_04_Test" time="32.683"/>
  <testcase classname="com.crm.Vtiger.CreateOrganisation.CreateOrganisationWithCopyShippingAddress_Test" name="CreateOrganisationTC_01_Test" time="10.946"/>
  <testcase classname="com.crm.genericUtils.BaseClass" name="@BeforeSuite connectDB" time="0.0">
    <ignored/>
  </testcase> <!-- @BeforeSuite connectDB -->
  <testcase classname="com.crm.genericUtils.BaseClass" name="@BeforeSuite connectDB" time="0.0">
    <ignored/>
  </testcase> <!-- @BeforeSuite connectDB -->
  <testcase classname="com.crm.genericUtils.BaseClass" name="@AfterSuite closeDatabase" time="0.0">
    <ignored/>
  </testcase> <!-- @AfterSuite closeDatabase -->
  <testcase classname="com.crm.genericUtils.BaseClass" name="@AfterSuite closeDatabase" time="0.0">
    <ignored/>
  </testcase> <!-- @AfterSuite closeDatabase -->
</testsuite> <!-- Test1 -->
